Flow report for lcd
Fri May 13 22:37:51 2011
Quartus II Version 9.1 Build 304 01/25/2010 Service Pack 1 SJ Full Version


---------------------
; Table of Contents ;
---------------------
  1. Legal Notice
  2. Flow Summary
  3. Flow Settings
  4. Flow Non-Default Global Settings
  5. Flow Elapsed Time
  6. Flow OS Summary
  7. Flow Log



----------------
; Legal Notice ;
----------------
Copyright (C) 1991-2010 Altera Corporation
Your use of Altera Corporation's design tools, logic functions 
and other software and tools, and its AMPP partner logic 
functions, and any output files from any of the foregoing 
(including device programming or simulation files), and any 
associated documentation or information are expressly subject 
to the terms and conditions of the Altera Program License 
Subscription Agreement, Altera MegaCore Function License 
Agreement, or other applicable license agreement, including, 
without limitation, that your use is for the sole purpose of 
programming logic devices manufactured by Altera and sold by 
Altera or its authorized distributors.  Please refer to the 
applicable agreement for further details.



+------------------------------------------------------------------------------------+
; Flow Summary                                                                       ;
+------------------------------------+-----------------------------------------------+
; Flow Status                        ; Successful - Fri May 13 22:37:51 2011         ;
; Quartus II Version                 ; 9.1 Build 304 01/25/2010 SP 1 SJ Full Version ;
; Revision Name                      ; lcd                                           ;
; Top-level Entity Name              ; lcd                                           ;
; Family                             ; Cyclone II                                    ;
; Device                             ; EP2C8Q208C8                                   ;
; Timing Models                      ; Final                                         ;
; Met timing requirements            ; Yes                                           ;
; Total logic elements               ; 71 / 8,256 ( < 1 % )                          ;
;     Total combinational functions  ; 52 / 8,256 ( < 1 % )                          ;
;     Dedicated logic registers      ; 64 / 8,256 ( < 1 % )                          ;
; Total registers                    ; 64                                            ;
; Total pins                         ; 12 / 138 ( 9 % )                              ;
; Total virtual pins                 ; 0                                             ;
; Total memory bits                  ; 0 / 165,888 ( 0 % )                           ;
; Embedded Multiplier 9-bit elements ; 0 / 36 ( 0 % )                                ;
; Total PLLs                         ; 0 / 2 ( 0 % )                                 ;
+------------------------------------+-----------------------------------------------+


+-----------------------------------------+
; Flow Settings                           ;
+-------------------+---------------------+
; Option            ; Setting             ;
+-------------------+---------------------+
; Start date & time ; 05/13/2011 22:37:38 ;
; Main task         ; Compilation         ;
; Revision Name     ; lcd                 ;
+-------------------+---------------------+


+------------------------------------------------------------------------------------------------------------+
; Flow Non-Default Global Settings                                                                           ;
+-----------------------+-----------------------------------------+---------------+-------------+------------+
; Assignment Name       ; Value                                   ; Default Value ; Entity Name ; Section Id ;
+-----------------------+-----------------------------------------+---------------+-------------+------------+
; COMPILER_SIGNATURE_ID ; 155114395475.130529745803728            ; --            ; --          ; --         ;
; MISC_FILE             ; E:/A_FPGA_test/LCD12864ÏÔÊ¾Ó¢ÎÄ/lcd.dpf ; --            ; --          ; --         ;
+-----------------------+-----------------------------------------+---------------+-------------+------------+


+-----------------------------------------------------------------------------------------------------------------------------+
; Flow Elapsed Time                                                                                                           ;
+-------------------------+--------------+-------------------------+---------------------+------------------------------------+
; Module Name             ; Elapsed Time ; Average Processors Used ; Peak Virtual Memory ; Total CPU Time (on all processors) ;
+-------------------------+--------------+-------------------------+---------------------+------------------------------------+
; Analysis & Synthesis    ; 00:00:02     ; 1.0                     ; 170 MB              ; 00:00:02                           ;
; Fitter                  ; 00:00:03     ; 1.4                     ; 189 MB              ; 00:00:03                           ;
; Assembler               ; 00:00:02     ; 1.0                     ; 162 MB              ; 00:00:02                           ;
; Classic Timing Analyzer ; 00:00:01     ; 1.0                     ; 117 MB              ; 00:00:01                           ;
; Total                   ; 00:00:08     ; --                      ; --                  ; 00:00:08                           ;
+-------------------------+--------------+-------------------------+---------------------+------------------------------------+


+---------------------------------------------------------------------------------------+
; Flow OS Summary                                                                       ;
+-------------------------+------------------+------------+------------+----------------+
; Module Name             ; Machine Hostname ; OS Name    ; OS Version ; Processor type ;
+-------------------------+------------------+------------+------------+----------------+
; Analysis & Synthesis    ; ww               ; Windows XP ; 5.1        ; i1686          ;
; Fitter                  ; ww               ; Windows XP ; 5.1        ; i1686          ;
; Assembler               ; ww               ; Windows XP ; 5.1        ; i1686          ;
; Classic Timing Analyzer ; ww               ; Windows XP ; 5.1        ; i1686          ;
+-------------------------+------------------+------------+------------+----------------+


------------
; Flow Log ;
------------
quartus_map --read_settings_files=on --write_settings_files=off lcd -c lcd
quartus_fit --read_settings_files=off --write_settings_files=off lcd -c lcd
quartus_asm --read_settings_files=off --write_settings_files=off lcd -c lcd
quartus_tan --read_settings_files=off --write_settings_files=off lcd -c lcd --timing_analysis_only



