Assembler report for nios2
Fri Apr 17 20:07:01 2015
Quartus II 64-Bit Version 11.1 Build 259 01/25/2012 Service Pack 2.11 SJ Full Version


---------------------
; Table of Contents ;
---------------------
  1. Legal Notice
  2. Assembler Summary
  3. Assembler Settings
  4. Assembler Encrypted IP Cores Summary
  5. Assembler Generated Files
  6. Assembler Device Options: E:/AA_IO_BD/new/ColorbarforE4/nios2.sof
  7. Assembler Device Options: E:/AA_IO_BD/new/ColorbarforE4/nios2.pof
  8. Assembler Device Options: E:/AA_IO_BD/new/ColorbarforE4/nios2.ttf
  9. Assembler Messages



----------------
; Legal Notice ;
----------------
Copyright (C) 1991-2011 Altera Corporation
Your use of Altera Corporation's design tools, logic functions 
and other software and tools, and its AMPP partner logic 
functions, and any output files from any of the foregoing 
(including device programming or simulation files), and any 
associated documentation or information are expressly subject 
to the terms and conditions of the Altera Program License 
Subscription Agreement, Altera MegaCore Function License 
Agreement, or other applicable license agreement, including, 
without limitation, that your use is for the sole purpose of 
programming logic devices manufactured by Altera and sold by 
Altera or its authorized distributors.  Please refer to the 
applicable agreement for further details.



+---------------------------------------------------------------+
; Assembler Summary                                             ;
+-----------------------+---------------------------------------+
; Assembler Status      ; Successful - Fri Apr 17 20:07:01 2015 ;
; Revision Name         ; nios2                                 ;
; Top-level Entity Name ; nios2                                 ;
; Family                ; Cyclone IV E                          ;
; Device                ; EP4CE6E22C8                           ;
+-----------------------+---------------------------------------+


+--------------------------------------------------------------------------------------------------------+
; Assembler Settings                                                                                     ;
+-----------------------------------------------------------------------------+----------+---------------+
; Option                                                                      ; Setting  ; Default Value ;
+-----------------------------------------------------------------------------+----------+---------------+
; Maximum processors allowed for parallel compilation                         ; 1        ;               ;
; Auto user code                                                              ; On       ; Off           ;
; Use configuration device                                                    ; On       ; Off           ;
; Generate Tabular Text File (.ttf) For Target Device                         ; On       ; Off           ;
; Use smart compilation                                                       ; Off      ; Off           ;
; Enable parallel Assembler and TimeQuest Timing Analyzer during compilation  ; On       ; On            ;
; Enable compact report table                                                 ; Off      ; Off           ;
; Generate compressed bitstreams                                              ; On       ; On            ;
; Compression mode                                                            ; Off      ; Off           ;
; Clock source for configuration device                                       ; Internal ; Internal      ;
; Clock frequency of the configuration device                                 ; 10 MHZ   ; 10 MHz        ;
; Divide clock frequency by                                                   ; 1        ; 1             ;
; Configuration device                                                        ; Auto     ; Auto          ;
; Configuration device auto user code                                         ; Off      ; Off           ;
; Generate Raw Binary File (.rbf) For Target Device                           ; Off      ; Off           ;
; Generate Hexadecimal (Intel-Format) Output File (.hexout) for Target Device ; Off      ; Off           ;
; Hexadecimal Output File start address                                       ; 0        ; 0             ;
; Hexadecimal Output File count direction                                     ; Up       ; Up            ;
; Release clears before tri-states                                            ; Off      ; Off           ;
; Auto-restart configuration after error                                      ; On       ; On            ;
; Enable OCT_DONE                                                             ; Off      ; Off           ;
; Generate Serial Vector Format File (.svf) for Target Device                 ; Off      ; Off           ;
; Generate a JEDEC STAPL Format File (.jam) for Target Device                 ; Off      ; Off           ;
; Generate a compressed Jam STAPL Byte Code 2.0 File (.jbc) for Target Device ; Off      ; Off           ;
; Generate a compressed Jam STAPL Byte Code 2.0 File (.jbc) for Target Device ; On       ; On            ;
+-----------------------------------------------------------------------------+----------+---------------+


+-------------------------------------------------------+
; Assembler Encrypted IP Cores Summary                  ;
+--------+-------------------------------+--------------+
; Vendor ; IP Core Name                  ; License Type ;
+--------+-------------------------------+--------------+
; Altera ; Nios II Processor (6AF7 00A2) ; Licensed     ;
; Altera ; Signal Tap (6AF7 BCE1)        ; Licensed     ;
; Altera ; Signal Tap (6AF7 BCEC)        ; Licensed     ;
+--------+-------------------------------+--------------+


+-----------------------------------------+
; Assembler Generated Files               ;
+-----------------------------------------+
; File Name                               ;
+-----------------------------------------+
; E:/AA_IO_BD/new/ColorbarforE4/nios2.sof ;
; E:/AA_IO_BD/new/ColorbarforE4/nios2.pof ;
; E:/AA_IO_BD/new/ColorbarforE4/nios2.ttf ;
+-----------------------------------------+


+-------------------------------------------------------------------+
; Assembler Device Options: E:/AA_IO_BD/new/ColorbarforE4/nios2.sof ;
+----------------+--------------------------------------------------+
; Option         ; Setting                                          ;
+----------------+--------------------------------------------------+
; Device         ; EP4CE6E22C8                                      ;
; JTAG usercode  ; 0x003618BB                                       ;
; Checksum       ; 0x003618BB                                       ;
+----------------+--------------------------------------------------+


+-------------------------------------------------------------------+
; Assembler Device Options: E:/AA_IO_BD/new/ColorbarforE4/nios2.pof ;
+--------------------+----------------------------------------------+
; Option             ; Setting                                      ;
+--------------------+----------------------------------------------+
; Device             ; EPCS4                                        ;
; JTAG usercode      ; 0x00000000                                   ;
; Checksum           ; 0x06295AE0                                   ;
; Compression Ratio  ; 2                                            ;
+--------------------+----------------------------------------------+


+-------------------------------------------------------------------+
; Assembler Device Options: E:/AA_IO_BD/new/ColorbarforE4/nios2.ttf ;
+--------------------+----------------------------------------------+
; Option             ; Setting                                      ;
+--------------------+----------------------------------------------+
; Tabular Text File  ;                                              ;
+--------------------+----------------------------------------------+


+--------------------+
; Assembler Messages ;
+--------------------+
Info: *******************************************************************
Info: Running Quartus II 64-Bit Assembler
    Info: Version 11.1 Build 259 01/25/2012 Service Pack 2.11 SJ Full Version
    Info: Processing started: Fri Apr 17 20:06:59 2015
Info: Command: quartus_asm --read_settings_files=off --write_settings_files=off nios2 -c nios2
Info (115031): Writing out detailed assembly data for power analysis
Info (115030): Assembler is generating device programming files
Info: Quartus II 64-Bit Assembler was successful. 0 errors, 0 warnings
    Info: Peak virtual memory: 364 megabytes
    Info: Processing ended: Fri Apr 17 20:07:01 2015
    Info: Elapsed time: 00:00:02
    Info: Total CPU time (on all processors): 00:00:02


