Assembler report for my_nand
Thu Sep 21 23:02:28 2017
Quartus Prime Version 17.0.0 Build 595 04/25/2017 SJ Standard Edition


---------------------
; Table of Contents ;
---------------------
  1. Legal Notice
  2. Assembler Summary
  3. Assembler Settings
  4. Assembler Generated Files
  5. Assembler Device Options: E:/Altera Cyclone IV board V3.0/3-Experiment code/Development board routines/Digital logic 02 LED and buttons/my_nand/my_nand.sof
  6. Assembler Device Options: E:/Altera Cyclone IV board V3.0/3-Experiment code/Development board routines/Digital logic 02 LED and buttons/my_nand/my_nand.pof
  7. Assembler Messages



----------------
; Legal Notice ;
----------------
Copyright (C) 2017  Intel Corporation. All rights reserved.
Your use of Intel Corporation's design tools, logic functions 
and other software and tools, and its AMPP partner logic 
functions, and any output files from any of the foregoing 
(including device programming or simulation files), and any 
associated documentation or information are expressly subject 
to the terms and conditions of the Intel Program License 
Subscription Agreement, the Intel Quartus Prime License Agreement,
the Intel MegaCore Function License Agreement, or other 
applicable license agreement, including, without limitation, 
that your use is for the sole purpose of programming logic 
devices manufactured by Intel and sold by Intel or its 
authorized distributors.  Please refer to the applicable 
agreement for further details.



+---------------------------------------------------------------+
; Assembler Summary                                             ;
+-----------------------+---------------------------------------+
; Assembler Status      ; Successful - Thu Sep 21 23:02:28 2017 ;
; Revision Name         ; my_nand                               ;
; Top-level Entity Name ; my_nand                               ;
; Family                ; Cyclone IV E                          ;
; Device                ; EP4CE6E22C8                           ;
+-----------------------+---------------------------------------+


+----------------------------------+
; Assembler Settings               ;
+--------+---------+---------------+
; Option ; Setting ; Default Value ;
+--------+---------+---------------+


+-----------------------------------------------------------------------------------------------------------------------------------+
; Assembler Generated Files                                                                                                         ;
+-----------------------------------------------------------------------------------------------------------------------------------+
; File Name                                                                                                                         ;
+-----------------------------------------------------------------------------------------------------------------------------------+
; E:/Altera Cyclone IV board V3.0/3-Experiment code/Development board routines/Digital logic 02 LED and buttons/my_nand/my_nand.sof ;
; E:/Altera Cyclone IV board V3.0/3-Experiment code/Development board routines/Digital logic 02 LED and buttons/my_nand/my_nand.pof ;
+-----------------------------------------------------------------------------------------------------------------------------------+


+-------------------------------------------------------------------------------------------------------------------------------------------------------------+
; Assembler Device Options: E:/Altera Cyclone IV board V3.0/3-Experiment code/Development board routines/Digital logic 02 LED and buttons/my_nand/my_nand.sof ;
+----------------+--------------------------------------------------------------------------------------------------------------------------------------------+
; Option         ; Setting                                                                                                                                    ;
+----------------+--------------------------------------------------------------------------------------------------------------------------------------------+
; JTAG usercode  ; 0xFFFFFFFF                                                                                                                                 ;
; Checksum       ; 0x00092862                                                                                                                                 ;
+----------------+--------------------------------------------------------------------------------------------------------------------------------------------+


+-------------------------------------------------------------------------------------------------------------------------------------------------------------+
; Assembler Device Options: E:/Altera Cyclone IV board V3.0/3-Experiment code/Development board routines/Digital logic 02 LED and buttons/my_nand/my_nand.pof ;
+--------------------+----------------------------------------------------------------------------------------------------------------------------------------+
; Option             ; Setting                                                                                                                                ;
+--------------------+----------------------------------------------------------------------------------------------------------------------------------------+
; JTAG usercode      ; 0x00000000                                                                                                                             ;
; Checksum           ; 0x06784059                                                                                                                             ;
; Compression Ratio  ; 3                                                                                                                                      ;
+--------------------+----------------------------------------------------------------------------------------------------------------------------------------+


+--------------------+
; Assembler Messages ;
+--------------------+
Info: *******************************************************************
Info: Running Quartus Prime Assembler
    Info: Version 17.0.0 Build 595 04/25/2017 SJ Standard Edition
    Info: Processing started: Thu Sep 21 23:02:27 2017
Info: Command: quartus_asm --read_settings_files=off --write_settings_files=off my_nand -c my_nand
Warning (18236): Number of processors has not been specified which may cause overloading on shared machines.  Set the global assignment NUM_PARALLEL_PROCESSORS in your QSF to an appropriate value for best performance.
Info (115031): Writing out detailed assembly data for power analysis
Info (115030): Assembler is generating device programming files
Info: Quartus Prime Assembler was successful. 0 errors, 1 warning
    Info: Peak virtual memory: 565 megabytes
    Info: Processing ended: Thu Sep 21 23:02:28 2017
    Info: Elapsed time: 00:00:01
    Info: Total CPU time (on all processors): 00:00:01


