C51 COMPILER V9.01   FONT                                                                  02/22/2014 16:10:16 PAGE 1   


C51 COMPILER V9.01, COMPILATION OF MODULE FONT
OBJECT MODULE PLACED IN font.obj
COMPILER INVOKED BY: C:\Keil\C51\BIN\C51.EXE font\font.c LARGE BROWSE DEBUG OBJECTEXTEND PRINT(.\font.lst) OBJECT(font.o
                    -bj)

line level    source

   1          #include <font\font.h>
   2          #include <sys\sys.h>
   3          
   4          u8 code hanzi[]={                         
   5          0x00,0x00,0x00,0x00,0x00,0x00,0x00,0x00,0x00,0x00,0x80,0x00,0x00,0xFE,0xFF,0x01,0x00,0xFE,0xFF,0x01,0x00,0
             -x06,0xC0,0x00,0x00,0x06,0xC0,0x00,0x00,0x06,0xC0,0x00,0x00,0xFE,0xFF,0x00,0x00,0x06,0xC0,0x00,0x00,0x06,0xC0,0x00,0x00,0
             -x06,0xC0,0x00,0x00,0xFE,0xFF,0x00,0x00,0x06,0xC0,0x00,0x00,0x06,0xC0,0x00,0x00,0x02,0x00,0x00,0x30,0x30,0x0C,0x1C,0xF0,0
             -x7F,0xFC,0x3F,0x30,0x30,0x0C,0x1C,0x30,0x30,0x0C,0x1C,0x30,0x30,0x0C,0x1C,0x30,0x30,0x0C,0x1C,0xF0,0x3F,0xFC,0x1F,0x30,0
             -x30,0x0C,0x1C,0x30,0x30,0x0C,0x1C,0x30,0x30,0x0C,0x1C,0x30,0x30,0x0C,0x1C,0xF0,0x3F,0xFC,0x1F,0xF0,0x3F,0xFC,0x1F,0x30,0
             -x30,0x0C,0x1C,0x30,0x10,0x04,0x0C,0x00,0x00,0x00,0x00,
   6          0x00,0x00,0x00,0x00,0x00,0x00,0x00,0x00,0xC0,0x00,0x08,0x08,0xC0,0xF1,0xFF,0x1F,0xC0,0xF0,0xFF,0x1F,0xC0,0
             -x48,0x4C,0x1C,0xC4,0xDC,0xCC,0x1D,0xCC,0xDC,0x8D,0x1D,0xDC,0x8E,0x8D,0x1D,0xD8,0x06,0x0E,0x1F,0xF8,0xC3,0xEF,0x1D,0xF8,0
             -xF1,0xEC,0x1C,0xD0,0x60,0x1D,0x1C,0xC0,0x1C,0x77,0x0C,0xFE,0x9F,0xE7,0x00,0x34,0x83,0xE3,0x0C,0x30,0xC3,0xFF,0x1F,0x30,0
             -xC3,0x61,0x00,0x30,0xE3,0x61,0x00,0x30,0xE3,0x61,0x06,0x30,0xF3,0xFF,0x0F,0x30,0xDB,0x61,0x00,0x30,0xFB,0x61,0x04,0x38,0
             -xDB,0x61,0x0E,0x18,0xCF,0xFF,0x0F,0x18,0xC7,0x61,0x00,0x98,0xC7,0x61,0x00,0x0C,0xC3,0x61,0x38,0x04,0xC2,0xFF,0x3F,0x06,0
             -xC0,0x01,0x00,0x02,0xC0,0x01,0x00,0x00,0x00,0x00,0x00,
   7          };
   8          u8 code asc2_1608[1520]={
   9          0x00,0x00,0x00,0x00,0x00,0x00,0x00,0x00,0x00,0x00,0x00,0x00,0x00,0x00,0x00,0x00,
  10          0x00,0x00,0x00,0x08,0x08,0x08,0x08,0x08,0x08,0x08,0x00,0x00,0x18,0x18,0x00,0x00,
  11          0x00,0x48,0x6C,0x24,0x12,0x00,0x00,0x00,0x00,0x00,0x00,0x00,0x00,0x00,0x00,0x00,
  12          0x00,0x00,0x00,0x24,0x24,0x24,0x7F,0x12,0x12,0x12,0x7F,0x12,0x12,0x12,0x00,0x00,
  13          0x00,0x00,0x08,0x1C,0x2A,0x2A,0x0A,0x0C,0x18,0x28,0x28,0x2A,0x2A,0x1C,0x08,0x08,
  14          0x00,0x00,0x00,0x22,0x25,0x15,0x15,0x15,0x2A,0x58,0x54,0x54,0x54,0x22,0x00,0x00,
  15          0x00,0x00,0x00,0x0C,0x12,0x12,0x12,0x0A,0x76,0x25,0x29,0x11,0x91,0x6E,0x00,0x00,
  16          0x00,0x06,0x06,0x04,0x03,0x00,0x00,0x00,0x00,0x00,0x00,0x00,0x00,0x00,0x00,0x00,
  17          0x00,0x40,0x20,0x10,0x10,0x08,0x08,0x08,0x08,0x08,0x08,0x10,0x10,0x20,0x40,0x00,
  18          0x00,0x02,0x04,0x08,0x08,0x10,0x10,0x10,0x10,0x10,0x10,0x08,0x08,0x04,0x02,0x00,
  19          0x00,0x00,0x00,0x00,0x08,0x08,0x6B,0x1C,0x1C,0x6B,0x08,0x08,0x00,0x00,0x00,0x00,
  20          0x00,0x00,0x00,0x00,0x08,0x08,0x08,0x08,0x7F,0x08,0x08,0x08,0x08,0x00,0x00,0x00,
  21          0x00,0x00,0x00,0x00,0x00,0x00,0x00,0x00,0x00,0x00,0x00,0x00,0x06,0x06,0x04,0x03,
  22          0x00,0x00,0x00,0x00,0x00,0x00,0x00,0x00,0xFE,0x00,0x00,0x00,0x00,0x00,0x00,0x00,
  23          0x00,0x00,0x00,0x00,0x00,0x00,0x00,0x00,0x00,0x00,0x00,0x00,0x06,0x06,0x00,0x00,
  24          0x00,0x00,0x80,0x40,0x40,0x20,0x20,0x10,0x10,0x08,0x08,0x04,0x04,0x02,0x02,0x00,
  25          0x00,0x00,0x00,0x18,0x24,0x42,0x42,0x42,0x42,0x42,0x42,0x42,0x24,0x18,0x00,0x00,
  26          0x00,0x00,0x00,0x08,0x0E,0x08,0x08,0x08,0x08,0x08,0x08,0x08,0x08,0x3E,0x00,0x00,
  27          0x00,0x00,0x00,0x3C,0x42,0x42,0x42,0x20,0x20,0x10,0x08,0x04,0x42,0x7E,0x00,0x00,
  28          0x00,0x00,0x00,0x3C,0x42,0x42,0x20,0x18,0x20,0x40,0x40,0x42,0x22,0x1C,0x00,0x00,
  29          0x00,0x00,0x00,0x20,0x30,0x28,0x24,0x24,0x22,0x22,0x7E,0x20,0x20,0x78,0x00,0x00,
  30          0x00,0x00,0x00,0x7E,0x02,0x02,0x02,0x1A,0x26,0x40,0x40,0x42,0x22,0x1C,0x00,0x00,
  31          0x00,0x00,0x00,0x38,0x24,0x02,0x02,0x1A,0x26,0x42,0x42,0x42,0x24,0x18,0x00,0x00,
  32          0x00,0x00,0x00,0x7E,0x22,0x22,0x10,0x10,0x08,0x08,0x08,0x08,0x08,0x08,0x00,0x00,
  33          0x00,0x00,0x00,0x3C,0x42,0x42,0x42,0x24,0x18,0x24,0x42,0x42,0x42,0x3C,0x00,0x00,
  34          0x00,0x00,0x00,0x18,0x24,0x42,0x42,0x42,0x64,0x58,0x40,0x40,0x24,0x1C,0x00,0x00,
  35          0x00,0x00,0x00,0x00,0x00,0x00,0x18,0x18,0x00,0x00,0x00,0x00,0x18,0x18,0x00,0x00,
  36          0x00,0x00,0x00,0x00,0x00,0x00,0x00,0x08,0x00,0x00,0x00,0x00,0x00,0x08,0x08,0x04,
  37          0x00,0x00,0x00,0x40,0x20,0x10,0x08,0x04,0x02,0x04,0x08,0x10,0x20,0x40,0x00,0x00,
  38          0x00,0x00,0x00,0x00,0x00,0x00,0x7F,0x00,0x00,0x00,0x7F,0x00,0x00,0x00,0x00,0x00,
  39          0x00,0x00,0x00,0x02,0x04,0x08,0x10,0x20,0x40,0x20,0x10,0x08,0x04,0x02,0x00,0x00,
  40          0x00,0x00,0x00,0x3C,0x42,0x42,0x46,0x40,0x20,0x10,0x10,0x00,0x18,0x18,0x00,0x00,
  41          0x00,0x00,0x00,0x1C,0x22,0x5A,0x55,0x55,0x55,0x55,0x2D,0x42,0x22,0x1C,0x00,0x00,
  42          0x00,0x00,0x00,0x08,0x08,0x18,0x14,0x14,0x24,0x3C,0x22,0x42,0x42,0xE7,0x00,0x00,
  43          0x00,0x00,0x00,0x1F,0x22,0x22,0x22,0x1E,0x22,0x42,0x42,0x42,0x22,0x1F,0x00,0x00,
  44          0x00,0x00,0x00,0x7C,0x42,0x42,0x01,0x01,0x01,0x01,0x01,0x42,0x22,0x1C,0x00,0x00,
C51 COMPILER V9.01   FONT                                                                  02/22/2014 16:10:16 PAGE 2   

  45          0x00,0x00,0x00,0x1F,0x22,0x42,0x42,0x42,0x42,0x42,0x42,0x42,0x22,0x1F,0x00,0x00,
  46          0x00,0x00,0x00,0x3F,0x42,0x12,0x12,0x1E,0x12,0x12,0x02,0x42,0x42,0x3F,0x00,0x00,
  47          0x00,0x00,0x00,0x3F,0x42,0x12,0x12,0x1E,0x12,0x12,0x02,0x02,0x02,0x07,0x00,0x00,
  48          0x00,0x00,0x00,0x3C,0x22,0x22,0x01,0x01,0x01,0x71,0x21,0x22,0x22,0x1C,0x00,0x00,
  49          0x00,0x00,0x00,0xE7,0x42,0x42,0x42,0x42,0x7E,0x42,0x42,0x42,0x42,0xE7,0x00,0x00,
  50          0x00,0x00,0x00,0x3E,0x08,0x08,0x08,0x08,0x08,0x08,0x08,0x08,0x08,0x3E,0x00,0x00,
  51          0x00,0x00,0x00,0x7C,0x10,0x10,0x10,0x10,0x10,0x10,0x10,0x10,0x10,0x10,0x11,0x0F,
  52          0x00,0x00,0x00,0x77,0x22,0x12,0x0A,0x0E,0x0A,0x12,0x12,0x22,0x22,0x77,0x00,0x00,
  53          0x00,0x00,0x00,0x07,0x02,0x02,0x02,0x02,0x02,0x02,0x02,0x02,0x42,0x7F,0x00,0x00,
  54          0x00,0x00,0x00,0x77,0x36,0x36,0x36,0x36,0x2A,0x2A,0x2A,0x2A,0x2A,0x6B,0x00,0x00,
  55          0x00,0x00,0x00,0xE3,0x46,0x46,0x4A,0x4A,0x52,0x52,0x52,0x62,0x62,0x47,0x00,0x00,
  56          0x00,0x00,0x00,0x1C,0x22,0x41,0x41,0x41,0x41,0x41,0x41,0x41,0x22,0x1C,0x00,0x00,
  57          0x00,0x00,0x00,0x3F,0x42,0x42,0x42,0x42,0x3E,0x02,0x02,0x02,0x02,0x07,0x00,0x00,
  58          0x00,0x00,0x00,0x1C,0x22,0x41,0x41,0x41,0x41,0x41,0x4D,0x53,0x32,0x1C,0x60,0x00,
  59          0x00,0x00,0x00,0x3F,0x42,0x42,0x42,0x3E,0x12,0x12,0x22,0x22,0x42,0xC7,0x00,0x00,
  60          0x00,0x00,0x00,0x7C,0x42,0x42,0x02,0x04,0x18,0x20,0x40,0x42,0x42,0x3E,0x00,0x00,
  61          0x00,0x00,0x00,0x7F,0x49,0x08,0x08,0x08,0x08,0x08,0x08,0x08,0x08,0x1C,0x00,0x00,
  62          0x00,0x00,0x00,0xE7,0x42,0x42,0x42,0x42,0x42,0x42,0x42,0x42,0x42,0x3C,0x00,0x00,
  63          0x00,0x00,0x00,0xE7,0x42,0x42,0x22,0x24,0x24,0x14,0x14,0x18,0x08,0x08,0x00,0x00,
  64          0x00,0x00,0x00,0x6B,0x49,0x49,0x49,0x49,0x55,0x55,0x36,0x22,0x22,0x22,0x00,0x00,
  65          0x00,0x00,0x00,0xE7,0x42,0x24,0x24,0x18,0x18,0x18,0x24,0x24,0x42,0xE7,0x00,0x00,
  66          0x00,0x00,0x00,0x77,0x22,0x22,0x14,0x14,0x08,0x08,0x08,0x08,0x08,0x1C,0x00,0x00,
  67          0x00,0x00,0x00,0x7E,0x21,0x20,0x10,0x10,0x08,0x04,0x04,0x42,0x42,0x3F,0x00,0x00,
  68          0x00,0x78,0x08,0x08,0x08,0x08,0x08,0x08,0x08,0x08,0x08,0x08,0x08,0x08,0x78,0x00,
  69          0x00,0x00,0x02,0x02,0x04,0x04,0x08,0x08,0x08,0x10,0x10,0x20,0x20,0x20,0x40,0x40,
  70          0x00,0x1E,0x10,0x10,0x10,0x10,0x10,0x10,0x10,0x10,0x10,0x10,0x10,0x10,0x1E,0x00,
  71          0x00,0x38,0x44,0x00,0x00,0x00,0x00,0x00,0x00,0x00,0x00,0x00,0x00,0x00,0x00,0x00,
  72          0x00,0x00,0x00,0x00,0x00,0x00,0x00,0x00,0x00,0x00,0x00,0x00,0x00,0x00,0x00,0xFF,
  73          0x00,0x06,0x08,0x00,0x00,0x00,0x00,0x00,0x00,0x00,0x00,0x00,0x00,0x00,0x00,0x00,
  74          0x00,0x00,0x00,0x00,0x00,0x00,0x00,0x3C,0x42,0x78,0x44,0x42,0x42,0xFC,0x00,0x00,
  75          0x00,0x00,0x00,0x03,0x02,0x02,0x02,0x1A,0x26,0x42,0x42,0x42,0x26,0x1A,0x00,0x00,
  76          0x00,0x00,0x00,0x00,0x00,0x00,0x00,0x38,0x44,0x02,0x02,0x02,0x44,0x38,0x00,0x00,
  77          0x00,0x00,0x00,0x60,0x40,0x40,0x40,0x78,0x44,0x42,0x42,0x42,0x64,0xD8,0x00,0x00,
  78          0x00,0x00,0x00,0x00,0x00,0x00,0x00,0x3C,0x42,0x7E,0x02,0x02,0x42,0x3C,0x00,0x00,
  79          0x00,0x00,0x00,0xF0,0x88,0x08,0x08,0x7E,0x08,0x08,0x08,0x08,0x08,0x3E,0x00,0x00,
  80          0x00,0x00,0x00,0x00,0x00,0x00,0x00,0x7C,0x22,0x22,0x1C,0x02,0x3C,0x42,0x42,0x3C,
  81          0x00,0x00,0x00,0x03,0x02,0x02,0x02,0x3A,0x46,0x42,0x42,0x42,0x42,0xE7,0x00,0x00,
  82          0x00,0x00,0x00,0x0C,0x0C,0x00,0x00,0x0E,0x08,0x08,0x08,0x08,0x08,0x3E,0x00,0x00,
  83          0x00,0x00,0x00,0x30,0x30,0x00,0x00,0x38,0x20,0x20,0x20,0x20,0x20,0x20,0x22,0x1E,
  84          0x00,0x00,0x00,0x03,0x02,0x02,0x02,0x72,0x12,0x0A,0x16,0x12,0x22,0x77,0x00,0x00,
  85          0x00,0x00,0x00,0x0E,0x08,0x08,0x08,0x08,0x08,0x08,0x08,0x08,0x08,0x3E,0x00,0x00,
  86          0x00,0x00,0x00,0x00,0x00,0x00,0x00,0x7F,0x92,0x92,0x92,0x92,0x92,0xB7,0x00,0x00,
  87          0x00,0x00,0x00,0x00,0x00,0x00,0x00,0x3B,0x46,0x42,0x42,0x42,0x42,0xE7,0x00,0x00,
  88          0x00,0x00,0x00,0x00,0x00,0x00,0x00,0x3C,0x42,0x42,0x42,0x42,0x42,0x3C,0x00,0x00,
  89          0x00,0x00,0x00,0x00,0x00,0x00,0x00,0x1B,0x26,0x42,0x42,0x42,0x22,0x1E,0x02,0x07,
  90          0x00,0x00,0x00,0x00,0x00,0x00,0x00,0x78,0x44,0x42,0x42,0x42,0x44,0x78,0x40,0xE0,
  91          0x00,0x00,0x00,0x00,0x00,0x00,0x00,0x77,0x4C,0x04,0x04,0x04,0x04,0x1F,0x00,0x00,
  92          0x00,0x00,0x00,0x00,0x00,0x00,0x00,0x7C,0x42,0x02,0x3C,0x40,0x42,0x3E,0x00,0x00,
  93          0x00,0x00,0x00,0x00,0x00,0x08,0x08,0x3E,0x08,0x08,0x08,0x08,0x08,0x30,0x00,0x00,
  94          0x00,0x00,0x00,0x00,0x00,0x00,0x00,0x63,0x42,0x42,0x42,0x42,0x62,0xDC,0x00,0x00,
  95          0x00,0x00,0x00,0x00,0x00,0x00,0x00,0xE7,0x42,0x24,0x24,0x14,0x08,0x08,0x00,0x00,
  96          0x00,0x00,0x00,0x00,0x00,0x00,0x00,0xEB,0x49,0x49,0x55,0x55,0x22,0x22,0x00,0x00,
  97          0x00,0x00,0x00,0x00,0x00,0x00,0x00,0x76,0x24,0x18,0x18,0x18,0x24,0x6E,0x00,0x00,
  98          0x00,0x00,0x00,0x00,0x00,0x00,0x00,0xE7,0x42,0x24,0x24,0x14,0x18,0x08,0x08,0x07,
  99          0x00,0x00,0x00,0x00,0x00,0x00,0x00,0x7E,0x22,0x10,0x08,0x08,0x44,0x7E,0x00,0x00,
 100          0x00,0xC0,0x20,0x20,0x20,0x20,0x20,0x10,0x20,0x20,0x20,0x20,0x20,0x20,0xC0,0x00,
 101          0x10,0x10,0x10,0x10,0x10,0x10,0x10,0x10,0x10,0x10,0x10,0x10,0x10,0x10,0x10,0x10,
 102          0x00,0x06,0x08,0x08,0x08,0x08,0x08,0x10,0x08,0x08,0x08,0x08,0x08,0x08,0x06,0x00,
 103          0x0C,0x32,0xC2,0x00,0x00,0x00,0x00,0x00,0x00,0x00,0x00,0x00,0x00,0x00,0x00,0x00,
 104          }; 
 105          
 106          
C51 COMPILER V9.01   FONT                                                                  02/22/2014 16:10:16 PAGE 3   

 107          
 108          
 109          
 110          
 111          
 112          
 113          
 114          
 115          


MODULE INFORMATION:   STATIC OVERLAYABLE
   CODE SIZE        =   ----    ----
   CONSTANT SIZE    =   1776    ----
   XDATA SIZE       =   ----    ----
   PDATA SIZE       =   ----    ----
   DATA SIZE        =   ----    ----
   IDATA SIZE       =   ----    ----
   BIT SIZE         =   ----    ----
END OF MODULE INFORMATION.


C51 COMPILATION COMPLETE.  0 WARNING(S),  0 ERROR(S)
