Classic Timing Analyzer report for led_water
Fri May 13 17:05:42 2011
Quartus II Version 9.1 Build 304 01/25/2010 Service Pack 1 SJ Full Version


---------------------
; Table of Contents ;
---------------------
  1. Legal Notice
  2. Timing Analyzer Summary
  3. Timing Analyzer Settings
  4. Clock Settings Summary
  5. Parallel Compilation
  6. Clock Setup: 'clk'
  7. tco
  8. Timing Analyzer Messages



----------------
; Legal Notice ;
----------------
Copyright (C) 1991-2010 Altera Corporation
Your use of Altera Corporation's design tools, logic functions 
and other software and tools, and its AMPP partner logic 
functions, and any output files from any of the foregoing 
(including device programming or simulation files), and any 
associated documentation or information are expressly subject 
to the terms and conditions of the Altera Program License 
Subscription Agreement, Altera MegaCore Function License 
Agreement, or other applicable license agreement, including, 
without limitation, that your use is for the sole purpose of 
programming logic devices manufactured by Altera and sold by 
Altera or its authorized distributors.  Please refer to the 
applicable agreement for further details.



+------------------------------------------------------------------------------------------------------------------------------------------------------------+
; Timing Analyzer Summary                                                                                                                                    ;
+------------------------------+-------+---------------+----------------------------------+-------------+-------------+------------+----------+--------------+
; Type                         ; Slack ; Required Time ; Actual Time                      ; From        ; To          ; From Clock ; To Clock ; Failed Paths ;
+------------------------------+-------+---------------+----------------------------------+-------------+-------------+------------+----------+--------------+
; Worst-case tco               ; N/A   ; None          ; 8.803 ns                         ; led[5]~reg0 ; led[5]      ; clk        ; --       ; 0            ;
; Clock Setup: 'clk'           ; N/A   ; None          ; 158.05 MHz ( period = 6.327 ns ) ; counter[0]  ; counter[21] ; clk        ; clk      ; 0            ;
; Total number of failed paths ;       ;               ;                                  ;             ;             ;            ;          ; 0            ;
+------------------------------+-------+---------------+----------------------------------+-------------+-------------+------------+----------+--------------+


+-----------------------------------------------------------------------------------------------------------------------------------------------------+
; Timing Analyzer Settings                                                                                                                            ;
+------------------------------------------------------------------------------------------------------+--------------------+------+----+-------------+
; Option                                                                                               ; Setting            ; From ; To ; Entity Name ;
+------------------------------------------------------------------------------------------------------+--------------------+------+----+-------------+
; Device Name                                                                                          ; EP2C5Q208C8        ;      ;    ;             ;
; Timing Models                                                                                        ; Final              ;      ;    ;             ;
; Default hold multicycle                                                                              ; Same as Multicycle ;      ;    ;             ;
; Cut paths between unrelated clock domains                                                            ; On                 ;      ;    ;             ;
; Cut off read during write signal paths                                                               ; On                 ;      ;    ;             ;
; Cut off feedback from I/O pins                                                                       ; On                 ;      ;    ;             ;
; Report Combined Fast/Slow Timing                                                                     ; Off                ;      ;    ;             ;
; Ignore Clock Settings                                                                                ; Off                ;      ;    ;             ;
; Analyze latches as synchronous elements                                                              ; On                 ;      ;    ;             ;
; Enable Recovery/Removal analysis                                                                     ; Off                ;      ;    ;             ;
; Enable Clock Latency                                                                                 ; Off                ;      ;    ;             ;
; Use TimeQuest Timing Analyzer                                                                        ; Off                ;      ;    ;             ;
; Minimum Core Junction Temperature                                                                    ; 0                  ;      ;    ;             ;
; Maximum Core Junction Temperature                                                                    ; 85                 ;      ;    ;             ;
; Number of source nodes to report per destination node                                                ; 10                 ;      ;    ;             ;
; Number of destination nodes to report                                                                ; 10                 ;      ;    ;             ;
; Number of paths to report                                                                            ; 200                ;      ;    ;             ;
; Report Minimum Timing Checks                                                                         ; Off                ;      ;    ;             ;
; Use Fast Timing Models                                                                               ; Off                ;      ;    ;             ;
; Report IO Paths Separately                                                                           ; Off                ;      ;    ;             ;
; Perform Multicorner Analysis                                                                         ; On                 ;      ;    ;             ;
; Reports the worst-case path for each clock domain and analysis                                       ; Off                ;      ;    ;             ;
; Reports worst-case timing paths for each clock domain and analysis                                   ; On                 ;      ;    ;             ;
; Specifies the maximum number of worst-case timing paths to report for each clock domain and analysis ; 100                ;      ;    ;             ;
; Removes common clock path pessimism (CCPP) during slack computation                                  ; Off                ;      ;    ;             ;
; Output I/O Timing Endpoint                                                                           ; Near End           ;      ;    ;             ;
+------------------------------------------------------------------------------------------------------+--------------------+------+----+-------------+


+------------------------------------------------------------------------------------------------------------------------------------------------------------------------------------+
; Clock Settings Summary                                                                                                                                                             ;
+-----------------+--------------------+----------+------------------+---------------+--------------+----------+-----------------------+---------------------+--------+--------------+
; Clock Node Name ; Clock Setting Name ; Type     ; Fmax Requirement ; Early Latency ; Late Latency ; Based on ; Multiply Base Fmax by ; Divide Base Fmax by ; Offset ; Phase offset ;
+-----------------+--------------------+----------+------------------+---------------+--------------+----------+-----------------------+---------------------+--------+--------------+
; clk             ;                    ; User Pin ; None             ; 0.000 ns      ; 0.000 ns     ; --       ; N/A                   ; N/A                 ; N/A    ;              ;
+-----------------+--------------------+----------+------------------+---------------+--------------+----------+-----------------------+---------------------+--------+--------------+


+------------------------------------------+
; Parallel Compilation                     ;
+----------------------------+-------------+
; Processors                 ; Number      ;
+----------------------------+-------------+
; Number detected on machine ; 2           ;
; Maximum allowed            ; 2           ;
;                            ;             ;
; Average used               ; 1.00        ;
; Maximum used               ; 1           ;
;                            ;             ;
; Usage by Processor         ; % Time Used ;
;     1 processor            ; 100.0%      ;
;     2 processors           ;   0.0%      ;
+----------------------------+-------------+


+---------------------------------------------------------------------------------------------------------------------------------------------------------------------------------------------------------------------------------------+
; Clock Setup: 'clk'                                                                                                                                                                                                                    ;
+-----------------------------------------+-----------------------------------------------------+-------------+-------------+------------+----------+-----------------------------+---------------------------+-------------------------+
; Slack                                   ; Actual fmax (period)                                ; From        ; To          ; From Clock ; To Clock ; Required Setup Relationship ; Required Longest P2P Time ; Actual Longest P2P Time ;
+-----------------------------------------+-----------------------------------------------------+-------------+-------------+------------+----------+-----------------------------+---------------------------+-------------------------+
; N/A                                     ; 158.05 MHz ( period = 6.327 ns )                    ; counter[0]  ; counter[21] ; clk        ; clk      ; None                        ; None                      ; 6.063 ns                ;
; N/A                                     ; 158.48 MHz ( period = 6.310 ns )                    ; counter[0]  ; counter[22] ; clk        ; clk      ; None                        ; None                      ; 6.046 ns                ;
; N/A                                     ; 162.47 MHz ( period = 6.155 ns )                    ; counter[0]  ; counter[20] ; clk        ; clk      ; None                        ; None                      ; 5.891 ns                ;
; N/A                                     ; 167.59 MHz ( period = 5.967 ns )                    ; counter[1]  ; led[0]~reg0 ; clk        ; clk      ; None                        ; None                      ; 5.696 ns                ;
; N/A                                     ; 167.59 MHz ( period = 5.967 ns )                    ; counter[1]  ; led[7]~reg0 ; clk        ; clk      ; None                        ; None                      ; 5.696 ns                ;
; N/A                                     ; 167.59 MHz ( period = 5.967 ns )                    ; counter[1]  ; led[5]~reg0 ; clk        ; clk      ; None                        ; None                      ; 5.696 ns                ;
; N/A                                     ; 167.59 MHz ( period = 5.967 ns )                    ; counter[1]  ; led[6]~reg0 ; clk        ; clk      ; None                        ; None                      ; 5.696 ns                ;
; N/A                                     ; 167.59 MHz ( period = 5.967 ns )                    ; counter[1]  ; led[4]~reg0 ; clk        ; clk      ; None                        ; None                      ; 5.696 ns                ;
; N/A                                     ; 167.59 MHz ( period = 5.967 ns )                    ; counter[1]  ; led[1]~reg0 ; clk        ; clk      ; None                        ; None                      ; 5.696 ns                ;
; N/A                                     ; 167.59 MHz ( period = 5.967 ns )                    ; counter[1]  ; led[2]~reg0 ; clk        ; clk      ; None                        ; None                      ; 5.696 ns                ;
; N/A                                     ; 167.59 MHz ( period = 5.967 ns )                    ; counter[1]  ; led[3]~reg0 ; clk        ; clk      ; None                        ; None                      ; 5.696 ns                ;
; N/A                                     ; 170.74 MHz ( period = 5.857 ns )                    ; counter[1]  ; counter[24] ; clk        ; clk      ; None                        ; None                      ; 5.590 ns                ;
; N/A                                     ; 171.23 MHz ( period = 5.840 ns )                    ; counter[2]  ; led[0]~reg0 ; clk        ; clk      ; None                        ; None                      ; 5.569 ns                ;
; N/A                                     ; 171.23 MHz ( period = 5.840 ns )                    ; counter[2]  ; led[7]~reg0 ; clk        ; clk      ; None                        ; None                      ; 5.569 ns                ;
; N/A                                     ; 171.23 MHz ( period = 5.840 ns )                    ; counter[2]  ; led[5]~reg0 ; clk        ; clk      ; None                        ; None                      ; 5.569 ns                ;
; N/A                                     ; 171.23 MHz ( period = 5.840 ns )                    ; counter[2]  ; led[6]~reg0 ; clk        ; clk      ; None                        ; None                      ; 5.569 ns                ;
; N/A                                     ; 171.23 MHz ( period = 5.840 ns )                    ; counter[2]  ; led[4]~reg0 ; clk        ; clk      ; None                        ; None                      ; 5.569 ns                ;
; N/A                                     ; 171.23 MHz ( period = 5.840 ns )                    ; counter[2]  ; led[1]~reg0 ; clk        ; clk      ; None                        ; None                      ; 5.569 ns                ;
; N/A                                     ; 171.23 MHz ( period = 5.840 ns )                    ; counter[2]  ; led[2]~reg0 ; clk        ; clk      ; None                        ; None                      ; 5.569 ns                ;
; N/A                                     ; 171.23 MHz ( period = 5.840 ns )                    ; counter[2]  ; led[3]~reg0 ; clk        ; clk      ; None                        ; None                      ; 5.569 ns                ;
; N/A                                     ; 174.52 MHz ( period = 5.730 ns )                    ; counter[2]  ; counter[24] ; clk        ; clk      ; None                        ; None                      ; 5.463 ns                ;
; N/A                                     ; 175.75 MHz ( period = 5.690 ns )                    ; counter[6]  ; counter[21] ; clk        ; clk      ; None                        ; None                      ; 5.420 ns                ;
; N/A                                     ; 175.75 MHz ( period = 5.690 ns )                    ; counter[1]  ; counter[13] ; clk        ; clk      ; None                        ; None                      ; 5.425 ns                ;
; N/A                                     ; 175.81 MHz ( period = 5.688 ns )                    ; counter[1]  ; counter[19] ; clk        ; clk      ; None                        ; None                      ; 5.423 ns                ;
; N/A                                     ; 175.81 MHz ( period = 5.688 ns )                    ; counter[1]  ; counter[16] ; clk        ; clk      ; None                        ; None                      ; 5.423 ns                ;
; N/A                                     ; 175.81 MHz ( period = 5.688 ns )                    ; counter[1]  ; counter[18] ; clk        ; clk      ; None                        ; None                      ; 5.423 ns                ;
; N/A                                     ; 176.27 MHz ( period = 5.673 ns )                    ; counter[6]  ; counter[22] ; clk        ; clk      ; None                        ; None                      ; 5.403 ns                ;
; N/A                                     ; 176.49 MHz ( period = 5.666 ns )                    ; counter[1]  ; counter[12] ; clk        ; clk      ; None                        ; None                      ; 5.399 ns                ;
; N/A                                     ; 177.43 MHz ( period = 5.636 ns )                    ; counter[1]  ; counter[20] ; clk        ; clk      ; None                        ; None                      ; 5.365 ns                ;
; N/A                                     ; 177.56 MHz ( period = 5.632 ns )                    ; counter[1]  ; counter[22] ; clk        ; clk      ; None                        ; None                      ; 5.361 ns                ;
; N/A                                     ; 177.78 MHz ( period = 5.625 ns )                    ; counter[3]  ; led[0]~reg0 ; clk        ; clk      ; None                        ; None                      ; 5.354 ns                ;
; N/A                                     ; 177.78 MHz ( period = 5.625 ns )                    ; counter[3]  ; led[7]~reg0 ; clk        ; clk      ; None                        ; None                      ; 5.354 ns                ;
; N/A                                     ; 177.78 MHz ( period = 5.625 ns )                    ; counter[3]  ; led[5]~reg0 ; clk        ; clk      ; None                        ; None                      ; 5.354 ns                ;
; N/A                                     ; 177.78 MHz ( period = 5.625 ns )                    ; counter[3]  ; led[6]~reg0 ; clk        ; clk      ; None                        ; None                      ; 5.354 ns                ;
; N/A                                     ; 177.78 MHz ( period = 5.625 ns )                    ; counter[3]  ; led[4]~reg0 ; clk        ; clk      ; None                        ; None                      ; 5.354 ns                ;
; N/A                                     ; 177.78 MHz ( period = 5.625 ns )                    ; counter[3]  ; led[1]~reg0 ; clk        ; clk      ; None                        ; None                      ; 5.354 ns                ;
; N/A                                     ; 177.78 MHz ( period = 5.625 ns )                    ; counter[3]  ; led[2]~reg0 ; clk        ; clk      ; None                        ; None                      ; 5.354 ns                ;
; N/A                                     ; 177.78 MHz ( period = 5.625 ns )                    ; counter[3]  ; led[3]~reg0 ; clk        ; clk      ; None                        ; None                      ; 5.354 ns                ;
; N/A                                     ; 177.97 MHz ( period = 5.619 ns )                    ; counter[1]  ; counter[21] ; clk        ; clk      ; None                        ; None                      ; 5.348 ns                ;
; N/A                                     ; 178.13 MHz ( period = 5.614 ns )                    ; counter[14] ; led[0]~reg0 ; clk        ; clk      ; None                        ; None                      ; 5.344 ns                ;
; N/A                                     ; 178.13 MHz ( period = 5.614 ns )                    ; counter[14] ; led[7]~reg0 ; clk        ; clk      ; None                        ; None                      ; 5.344 ns                ;
; N/A                                     ; 178.13 MHz ( period = 5.614 ns )                    ; counter[14] ; led[5]~reg0 ; clk        ; clk      ; None                        ; None                      ; 5.344 ns                ;
; N/A                                     ; 178.13 MHz ( period = 5.614 ns )                    ; counter[14] ; led[6]~reg0 ; clk        ; clk      ; None                        ; None                      ; 5.344 ns                ;
; N/A                                     ; 178.13 MHz ( period = 5.614 ns )                    ; counter[14] ; led[4]~reg0 ; clk        ; clk      ; None                        ; None                      ; 5.344 ns                ;
; N/A                                     ; 178.13 MHz ( period = 5.614 ns )                    ; counter[14] ; led[1]~reg0 ; clk        ; clk      ; None                        ; None                      ; 5.344 ns                ;
; N/A                                     ; 178.13 MHz ( period = 5.614 ns )                    ; counter[14] ; led[2]~reg0 ; clk        ; clk      ; None                        ; None                      ; 5.344 ns                ;
; N/A                                     ; 178.13 MHz ( period = 5.614 ns )                    ; counter[14] ; led[3]~reg0 ; clk        ; clk      ; None                        ; None                      ; 5.344 ns                ;
; N/A                                     ; 178.54 MHz ( period = 5.601 ns )                    ; counter[0]  ; counter[24] ; clk        ; clk      ; None                        ; None                      ; 5.341 ns                ;
; N/A                                     ; 178.60 MHz ( period = 5.599 ns )                    ; counter[12] ; led[0]~reg0 ; clk        ; clk      ; None                        ; None                      ; 5.331 ns                ;
; N/A                                     ; 178.60 MHz ( period = 5.599 ns )                    ; counter[12] ; led[7]~reg0 ; clk        ; clk      ; None                        ; None                      ; 5.331 ns                ;
; N/A                                     ; 178.60 MHz ( period = 5.599 ns )                    ; counter[12] ; led[5]~reg0 ; clk        ; clk      ; None                        ; None                      ; 5.331 ns                ;
; N/A                                     ; 178.60 MHz ( period = 5.599 ns )                    ; counter[12] ; led[6]~reg0 ; clk        ; clk      ; None                        ; None                      ; 5.331 ns                ;
; N/A                                     ; 178.60 MHz ( period = 5.599 ns )                    ; counter[12] ; led[4]~reg0 ; clk        ; clk      ; None                        ; None                      ; 5.331 ns                ;
; N/A                                     ; 178.60 MHz ( period = 5.599 ns )                    ; counter[12] ; led[1]~reg0 ; clk        ; clk      ; None                        ; None                      ; 5.331 ns                ;
; N/A                                     ; 178.60 MHz ( period = 5.599 ns )                    ; counter[12] ; led[2]~reg0 ; clk        ; clk      ; None                        ; None                      ; 5.331 ns                ;
; N/A                                     ; 178.60 MHz ( period = 5.599 ns )                    ; counter[12] ; led[3]~reg0 ; clk        ; clk      ; None                        ; None                      ; 5.331 ns                ;
; N/A                                     ; 179.76 MHz ( period = 5.563 ns )                    ; counter[2]  ; counter[13] ; clk        ; clk      ; None                        ; None                      ; 5.298 ns                ;
; N/A                                     ; 179.82 MHz ( period = 5.561 ns )                    ; counter[2]  ; counter[19] ; clk        ; clk      ; None                        ; None                      ; 5.296 ns                ;
; N/A                                     ; 179.82 MHz ( period = 5.561 ns )                    ; counter[2]  ; counter[16] ; clk        ; clk      ; None                        ; None                      ; 5.296 ns                ;
; N/A                                     ; 179.82 MHz ( period = 5.561 ns )                    ; counter[2]  ; counter[18] ; clk        ; clk      ; None                        ; None                      ; 5.296 ns                ;
; N/A                                     ; 180.31 MHz ( period = 5.546 ns )                    ; counter[15] ; led[0]~reg0 ; clk        ; clk      ; None                        ; None                      ; 5.278 ns                ;
; N/A                                     ; 180.31 MHz ( period = 5.546 ns )                    ; counter[15] ; led[7]~reg0 ; clk        ; clk      ; None                        ; None                      ; 5.278 ns                ;
; N/A                                     ; 180.31 MHz ( period = 5.546 ns )                    ; counter[15] ; led[5]~reg0 ; clk        ; clk      ; None                        ; None                      ; 5.278 ns                ;
; N/A                                     ; 180.31 MHz ( period = 5.546 ns )                    ; counter[15] ; led[6]~reg0 ; clk        ; clk      ; None                        ; None                      ; 5.278 ns                ;
; N/A                                     ; 180.31 MHz ( period = 5.546 ns )                    ; counter[15] ; led[4]~reg0 ; clk        ; clk      ; None                        ; None                      ; 5.278 ns                ;
; N/A                                     ; 180.31 MHz ( period = 5.546 ns )                    ; counter[15] ; led[1]~reg0 ; clk        ; clk      ; None                        ; None                      ; 5.278 ns                ;
; N/A                                     ; 180.31 MHz ( period = 5.546 ns )                    ; counter[15] ; led[2]~reg0 ; clk        ; clk      ; None                        ; None                      ; 5.278 ns                ;
; N/A                                     ; 180.31 MHz ( period = 5.546 ns )                    ; counter[15] ; led[3]~reg0 ; clk        ; clk      ; None                        ; None                      ; 5.278 ns                ;
; N/A                                     ; 180.54 MHz ( period = 5.539 ns )                    ; counter[2]  ; counter[12] ; clk        ; clk      ; None                        ; None                      ; 5.272 ns                ;
; N/A                                     ; 180.73 MHz ( period = 5.533 ns )                    ; counter[2]  ; counter[21] ; clk        ; clk      ; None                        ; None                      ; 5.262 ns                ;
; N/A                                     ; 181.13 MHz ( period = 5.521 ns )                    ; counter[13] ; led[0]~reg0 ; clk        ; clk      ; None                        ; None                      ; 5.251 ns                ;
; N/A                                     ; 181.13 MHz ( period = 5.521 ns )                    ; counter[13] ; led[7]~reg0 ; clk        ; clk      ; None                        ; None                      ; 5.251 ns                ;
; N/A                                     ; 181.13 MHz ( period = 5.521 ns )                    ; counter[13] ; led[5]~reg0 ; clk        ; clk      ; None                        ; None                      ; 5.251 ns                ;
; N/A                                     ; 181.13 MHz ( period = 5.521 ns )                    ; counter[13] ; led[6]~reg0 ; clk        ; clk      ; None                        ; None                      ; 5.251 ns                ;
; N/A                                     ; 181.13 MHz ( period = 5.521 ns )                    ; counter[13] ; led[4]~reg0 ; clk        ; clk      ; None                        ; None                      ; 5.251 ns                ;
; N/A                                     ; 181.13 MHz ( period = 5.521 ns )                    ; counter[13] ; led[1]~reg0 ; clk        ; clk      ; None                        ; None                      ; 5.251 ns                ;
; N/A                                     ; 181.13 MHz ( period = 5.521 ns )                    ; counter[13] ; led[2]~reg0 ; clk        ; clk      ; None                        ; None                      ; 5.251 ns                ;
; N/A                                     ; 181.13 MHz ( period = 5.521 ns )                    ; counter[13] ; led[3]~reg0 ; clk        ; clk      ; None                        ; None                      ; 5.251 ns                ;
; N/A                                     ; 181.23 MHz ( period = 5.518 ns )                    ; counter[6]  ; counter[20] ; clk        ; clk      ; None                        ; None                      ; 5.248 ns                ;
; N/A                                     ; 181.29 MHz ( period = 5.516 ns )                    ; counter[2]  ; counter[22] ; clk        ; clk      ; None                        ; None                      ; 5.245 ns                ;
; N/A                                     ; 181.32 MHz ( period = 5.515 ns )                    ; counter[3]  ; counter[24] ; clk        ; clk      ; None                        ; None                      ; 5.248 ns                ;
; N/A                                     ; 181.52 MHz ( period = 5.509 ns )                    ; counter[2]  ; counter[20] ; clk        ; clk      ; None                        ; None                      ; 5.238 ns                ;
; N/A                                     ; 181.69 MHz ( period = 5.504 ns )                    ; counter[14] ; counter[24] ; clk        ; clk      ; None                        ; None                      ; 5.238 ns                ;
; N/A                                     ; 181.72 MHz ( period = 5.503 ns )                    ; counter[1]  ; counter[6]  ; clk        ; clk      ; None                        ; None                      ; 5.238 ns                ;
; N/A                                     ; 181.75 MHz ( period = 5.502 ns )                    ; counter[1]  ; counter[11] ; clk        ; clk      ; None                        ; None                      ; 5.237 ns                ;
; N/A                                     ; 181.85 MHz ( period = 5.499 ns )                    ; counter[1]  ; counter[14] ; clk        ; clk      ; None                        ; None                      ; 5.234 ns                ;
; N/A                                     ; 182.18 MHz ( period = 5.489 ns )                    ; counter[12] ; counter[24] ; clk        ; clk      ; None                        ; None                      ; 5.225 ns                ;
; N/A                                     ; 183.02 MHz ( period = 5.464 ns )                    ; counter[1]  ; counter[0]  ; clk        ; clk      ; None                        ; None                      ; 5.193 ns                ;
; N/A                                     ; 183.96 MHz ( period = 5.436 ns )                    ; counter[15] ; counter[24] ; clk        ; clk      ; None                        ; None                      ; 5.172 ns                ;
; N/A                                     ; 184.81 MHz ( period = 5.411 ns )                    ; counter[13] ; counter[24] ; clk        ; clk      ; None                        ; None                      ; 5.145 ns                ;
; N/A                                     ; 185.08 MHz ( period = 5.403 ns )                    ; counter[3]  ; counter[21] ; clk        ; clk      ; None                        ; None                      ; 5.132 ns                ;
; N/A                                     ; 185.67 MHz ( period = 5.386 ns )                    ; counter[3]  ; counter[22] ; clk        ; clk      ; None                        ; None                      ; 5.115 ns                ;
; N/A                                     ; 186.01 MHz ( period = 5.376 ns )                    ; counter[2]  ; counter[6]  ; clk        ; clk      ; None                        ; None                      ; 5.111 ns                ;
; N/A                                     ; 186.05 MHz ( period = 5.375 ns )                    ; counter[2]  ; counter[11] ; clk        ; clk      ; None                        ; None                      ; 5.110 ns                ;
; N/A                                     ; 186.15 MHz ( period = 5.372 ns )                    ; counter[2]  ; counter[14] ; clk        ; clk      ; None                        ; None                      ; 5.107 ns                ;
; N/A                                     ; 186.15 MHz ( period = 5.372 ns )                    ; counter[0]  ; led[0]~reg0 ; clk        ; clk      ; None                        ; None                      ; 5.108 ns                ;
; N/A                                     ; 186.15 MHz ( period = 5.372 ns )                    ; counter[0]  ; led[7]~reg0 ; clk        ; clk      ; None                        ; None                      ; 5.108 ns                ;
; N/A                                     ; 186.15 MHz ( period = 5.372 ns )                    ; counter[0]  ; led[5]~reg0 ; clk        ; clk      ; None                        ; None                      ; 5.108 ns                ;
; N/A                                     ; 186.15 MHz ( period = 5.372 ns )                    ; counter[0]  ; led[6]~reg0 ; clk        ; clk      ; None                        ; None                      ; 5.108 ns                ;
; N/A                                     ; 186.15 MHz ( period = 5.372 ns )                    ; counter[0]  ; led[4]~reg0 ; clk        ; clk      ; None                        ; None                      ; 5.108 ns                ;
; N/A                                     ; 186.15 MHz ( period = 5.372 ns )                    ; counter[0]  ; led[1]~reg0 ; clk        ; clk      ; None                        ; None                      ; 5.108 ns                ;
; N/A                                     ; 186.15 MHz ( period = 5.372 ns )                    ; counter[0]  ; led[2]~reg0 ; clk        ; clk      ; None                        ; None                      ; 5.108 ns                ;
; N/A                                     ; 186.15 MHz ( period = 5.372 ns )                    ; counter[0]  ; led[3]~reg0 ; clk        ; clk      ; None                        ; None                      ; 5.108 ns                ;
; N/A                                     ; 186.78 MHz ( period = 5.354 ns )                    ; counter[11] ; counter[21] ; clk        ; clk      ; None                        ; None                      ; 5.084 ns                ;
; N/A                                     ; 186.99 MHz ( period = 5.348 ns )                    ; counter[3]  ; counter[13] ; clk        ; clk      ; None                        ; None                      ; 5.083 ns                ;
; N/A                                     ; 187.06 MHz ( period = 5.346 ns )                    ; counter[3]  ; counter[19] ; clk        ; clk      ; None                        ; None                      ; 5.081 ns                ;
; N/A                                     ; 187.06 MHz ( period = 5.346 ns )                    ; counter[3]  ; counter[16] ; clk        ; clk      ; None                        ; None                      ; 5.081 ns                ;
; N/A                                     ; 187.06 MHz ( period = 5.346 ns )                    ; counter[3]  ; counter[18] ; clk        ; clk      ; None                        ; None                      ; 5.081 ns                ;
; N/A                                     ; 187.37 MHz ( period = 5.337 ns )                    ; counter[2]  ; counter[0]  ; clk        ; clk      ; None                        ; None                      ; 5.066 ns                ;
; N/A                                     ; 187.37 MHz ( period = 5.337 ns )                    ; counter[11] ; counter[22] ; clk        ; clk      ; None                        ; None                      ; 5.067 ns                ;
; N/A                                     ; 187.37 MHz ( period = 5.337 ns )                    ; counter[14] ; counter[13] ; clk        ; clk      ; None                        ; None                      ; 5.073 ns                ;
; N/A                                     ; 187.44 MHz ( period = 5.335 ns )                    ; counter[14] ; counter[19] ; clk        ; clk      ; None                        ; None                      ; 5.071 ns                ;
; N/A                                     ; 187.44 MHz ( period = 5.335 ns )                    ; counter[14] ; counter[16] ; clk        ; clk      ; None                        ; None                      ; 5.071 ns                ;
; N/A                                     ; 187.44 MHz ( period = 5.335 ns )                    ; counter[14] ; counter[18] ; clk        ; clk      ; None                        ; None                      ; 5.071 ns                ;
; N/A                                     ; 187.83 MHz ( period = 5.324 ns )                    ; counter[3]  ; counter[12] ; clk        ; clk      ; None                        ; None                      ; 5.057 ns                ;
; N/A                                     ; 187.90 MHz ( period = 5.322 ns )                    ; counter[12] ; counter[13] ; clk        ; clk      ; None                        ; None                      ; 5.060 ns                ;
; N/A                                     ; 187.97 MHz ( period = 5.320 ns )                    ; counter[12] ; counter[19] ; clk        ; clk      ; None                        ; None                      ; 5.058 ns                ;
; N/A                                     ; 187.97 MHz ( period = 5.320 ns )                    ; counter[12] ; counter[16] ; clk        ; clk      ; None                        ; None                      ; 5.058 ns                ;
; N/A                                     ; 187.97 MHz ( period = 5.320 ns )                    ; counter[12] ; counter[18] ; clk        ; clk      ; None                        ; None                      ; 5.058 ns                ;
; N/A                                     ; 188.22 MHz ( period = 5.313 ns )                    ; counter[14] ; counter[12] ; clk        ; clk      ; None                        ; None                      ; 5.047 ns                ;
; N/A                                     ; 188.75 MHz ( period = 5.298 ns )                    ; counter[12] ; counter[12] ; clk        ; clk      ; None                        ; None                      ; 5.034 ns                ;
; N/A                                     ; 188.89 MHz ( period = 5.294 ns )                    ; counter[3]  ; counter[20] ; clk        ; clk      ; None                        ; None                      ; 5.023 ns                ;
; N/A                                     ; 189.29 MHz ( period = 5.283 ns )                    ; counter[14] ; counter[20] ; clk        ; clk      ; None                        ; None                      ; 5.013 ns                ;
; N/A                                     ; 189.43 MHz ( period = 5.279 ns )                    ; counter[14] ; counter[22] ; clk        ; clk      ; None                        ; None                      ; 5.009 ns                ;
; N/A                                     ; 189.79 MHz ( period = 5.269 ns )                    ; counter[15] ; counter[13] ; clk        ; clk      ; None                        ; None                      ; 5.007 ns                ;
; N/A                                     ; 189.83 MHz ( period = 5.268 ns )                    ; counter[12] ; counter[20] ; clk        ; clk      ; None                        ; None                      ; 5.000 ns                ;
; N/A                                     ; 189.86 MHz ( period = 5.267 ns )                    ; counter[15] ; counter[19] ; clk        ; clk      ; None                        ; None                      ; 5.005 ns                ;
; N/A                                     ; 189.86 MHz ( period = 5.267 ns )                    ; counter[15] ; counter[16] ; clk        ; clk      ; None                        ; None                      ; 5.005 ns                ;
; N/A                                     ; 189.86 MHz ( period = 5.267 ns )                    ; counter[15] ; counter[18] ; clk        ; clk      ; None                        ; None                      ; 5.005 ns                ;
; N/A                                     ; 189.97 MHz ( period = 5.264 ns )                    ; counter[12] ; counter[22] ; clk        ; clk      ; None                        ; None                      ; 4.996 ns                ;
; N/A                                     ; 189.97 MHz ( period = 5.264 ns )                    ; counter[11] ; led[0]~reg0 ; clk        ; clk      ; None                        ; None                      ; 4.994 ns                ;
; N/A                                     ; 189.97 MHz ( period = 5.264 ns )                    ; counter[11] ; led[7]~reg0 ; clk        ; clk      ; None                        ; None                      ; 4.994 ns                ;
; N/A                                     ; 189.97 MHz ( period = 5.264 ns )                    ; counter[11] ; led[5]~reg0 ; clk        ; clk      ; None                        ; None                      ; 4.994 ns                ;
; N/A                                     ; 189.97 MHz ( period = 5.264 ns )                    ; counter[11] ; led[6]~reg0 ; clk        ; clk      ; None                        ; None                      ; 4.994 ns                ;
; N/A                                     ; 189.97 MHz ( period = 5.264 ns )                    ; counter[11] ; led[4]~reg0 ; clk        ; clk      ; None                        ; None                      ; 4.994 ns                ;
; N/A                                     ; 189.97 MHz ( period = 5.264 ns )                    ; counter[11] ; led[1]~reg0 ; clk        ; clk      ; None                        ; None                      ; 4.994 ns                ;
; N/A                                     ; 189.97 MHz ( period = 5.264 ns )                    ; counter[11] ; led[2]~reg0 ; clk        ; clk      ; None                        ; None                      ; 4.994 ns                ;
; N/A                                     ; 189.97 MHz ( period = 5.264 ns )                    ; counter[11] ; led[3]~reg0 ; clk        ; clk      ; None                        ; None                      ; 4.994 ns                ;
; N/A                                     ; 190.11 MHz ( period = 5.260 ns )                    ; counter[4]  ; counter[21] ; clk        ; clk      ; None                        ; None                      ; 4.989 ns                ;
; N/A                                     ; 190.66 MHz ( period = 5.245 ns )                    ; counter[15] ; counter[12] ; clk        ; clk      ; None                        ; None                      ; 4.981 ns                ;
; N/A                                     ; 190.69 MHz ( period = 5.244 ns )                    ; counter[13] ; counter[13] ; clk        ; clk      ; None                        ; None                      ; 4.980 ns                ;
; N/A                                     ; 190.73 MHz ( period = 5.243 ns )                    ; counter[4]  ; counter[22] ; clk        ; clk      ; None                        ; None                      ; 4.972 ns                ;
; N/A                                     ; 190.77 MHz ( period = 5.242 ns )                    ; counter[13] ; counter[19] ; clk        ; clk      ; None                        ; None                      ; 4.978 ns                ;
; N/A                                     ; 190.77 MHz ( period = 5.242 ns )                    ; counter[13] ; counter[16] ; clk        ; clk      ; None                        ; None                      ; 4.978 ns                ;
; N/A                                     ; 190.77 MHz ( period = 5.242 ns )                    ; counter[13] ; counter[18] ; clk        ; clk      ; None                        ; None                      ; 4.978 ns                ;
; N/A                                     ; 191.57 MHz ( period = 5.220 ns )                    ; counter[13] ; counter[12] ; clk        ; clk      ; None                        ; None                      ; 4.954 ns                ;
; N/A                                     ; 191.75 MHz ( period = 5.215 ns )                    ; counter[15] ; counter[20] ; clk        ; clk      ; None                        ; None                      ; 4.947 ns                ;
; N/A                                     ; 191.90 MHz ( period = 5.211 ns )                    ; counter[15] ; counter[22] ; clk        ; clk      ; None                        ; None                      ; 4.943 ns                ;
; N/A                                     ; 192.68 MHz ( period = 5.190 ns )                    ; counter[13] ; counter[20] ; clk        ; clk      ; None                        ; None                      ; 4.920 ns                ;
; N/A                                     ; 192.83 MHz ( period = 5.186 ns )                    ; counter[13] ; counter[22] ; clk        ; clk      ; None                        ; None                      ; 4.916 ns                ;
; N/A                                     ; 192.98 MHz ( period = 5.182 ns )                    ; counter[11] ; counter[20] ; clk        ; clk      ; None                        ; None                      ; 4.912 ns                ;
; N/A                                     ; 193.76 MHz ( period = 5.161 ns )                    ; counter[3]  ; counter[6]  ; clk        ; clk      ; None                        ; None                      ; 4.896 ns                ;
; N/A                                     ; 193.80 MHz ( period = 5.160 ns )                    ; counter[3]  ; counter[11] ; clk        ; clk      ; None                        ; None                      ; 4.895 ns                ;
; N/A                                     ; 193.91 MHz ( period = 5.157 ns )                    ; counter[3]  ; counter[14] ; clk        ; clk      ; None                        ; None                      ; 4.892 ns                ;
; N/A                                     ; 194.02 MHz ( period = 5.154 ns )                    ; counter[11] ; counter[24] ; clk        ; clk      ; None                        ; None                      ; 4.888 ns                ;
; N/A                                     ; 194.17 MHz ( period = 5.150 ns )                    ; counter[14] ; counter[6]  ; clk        ; clk      ; None                        ; None                      ; 4.886 ns                ;
; N/A                                     ; 194.21 MHz ( period = 5.149 ns )                    ; counter[14] ; counter[11] ; clk        ; clk      ; None                        ; None                      ; 4.885 ns                ;
; N/A                                     ; 194.33 MHz ( period = 5.146 ns )                    ; counter[14] ; counter[14] ; clk        ; clk      ; None                        ; None                      ; 4.882 ns                ;
; N/A                                     ; 194.59 MHz ( period = 5.139 ns )                    ; counter[6]  ; led[0]~reg0 ; clk        ; clk      ; None                        ; None                      ; 4.869 ns                ;
; N/A                                     ; 194.59 MHz ( period = 5.139 ns )                    ; counter[6]  ; led[7]~reg0 ; clk        ; clk      ; None                        ; None                      ; 4.869 ns                ;
; N/A                                     ; 194.59 MHz ( period = 5.139 ns )                    ; counter[6]  ; led[5]~reg0 ; clk        ; clk      ; None                        ; None                      ; 4.869 ns                ;
; N/A                                     ; 194.59 MHz ( period = 5.139 ns )                    ; counter[6]  ; led[6]~reg0 ; clk        ; clk      ; None                        ; None                      ; 4.869 ns                ;
; N/A                                     ; 194.59 MHz ( period = 5.139 ns )                    ; counter[6]  ; led[4]~reg0 ; clk        ; clk      ; None                        ; None                      ; 4.869 ns                ;
; N/A                                     ; 194.59 MHz ( period = 5.139 ns )                    ; counter[6]  ; led[1]~reg0 ; clk        ; clk      ; None                        ; None                      ; 4.869 ns                ;
; N/A                                     ; 194.59 MHz ( period = 5.139 ns )                    ; counter[6]  ; led[2]~reg0 ; clk        ; clk      ; None                        ; None                      ; 4.869 ns                ;
; N/A                                     ; 194.59 MHz ( period = 5.139 ns )                    ; counter[6]  ; led[3]~reg0 ; clk        ; clk      ; None                        ; None                      ; 4.869 ns                ;
; N/A                                     ; 194.74 MHz ( period = 5.135 ns )                    ; counter[12] ; counter[6]  ; clk        ; clk      ; None                        ; None                      ; 4.873 ns                ;
; N/A                                     ; 194.78 MHz ( period = 5.134 ns )                    ; counter[12] ; counter[11] ; clk        ; clk      ; None                        ; None                      ; 4.872 ns                ;
; N/A                                     ; 194.89 MHz ( period = 5.131 ns )                    ; counter[12] ; counter[14] ; clk        ; clk      ; None                        ; None                      ; 4.869 ns                ;
; N/A                                     ; 195.01 MHz ( period = 5.128 ns )                    ; counter[17] ; led[0]~reg0 ; clk        ; clk      ; None                        ; None                      ; 4.860 ns                ;
; N/A                                     ; 195.01 MHz ( period = 5.128 ns )                    ; counter[17] ; led[7]~reg0 ; clk        ; clk      ; None                        ; None                      ; 4.860 ns                ;
; N/A                                     ; 195.01 MHz ( period = 5.128 ns )                    ; counter[17] ; led[5]~reg0 ; clk        ; clk      ; None                        ; None                      ; 4.860 ns                ;
; N/A                                     ; 195.01 MHz ( period = 5.128 ns )                    ; counter[17] ; led[6]~reg0 ; clk        ; clk      ; None                        ; None                      ; 4.860 ns                ;
; N/A                                     ; 195.01 MHz ( period = 5.128 ns )                    ; counter[17] ; led[4]~reg0 ; clk        ; clk      ; None                        ; None                      ; 4.860 ns                ;
; N/A                                     ; 195.01 MHz ( period = 5.128 ns )                    ; counter[17] ; led[1]~reg0 ; clk        ; clk      ; None                        ; None                      ; 4.860 ns                ;
; N/A                                     ; 195.01 MHz ( period = 5.128 ns )                    ; counter[17] ; led[2]~reg0 ; clk        ; clk      ; None                        ; None                      ; 4.860 ns                ;
; N/A                                     ; 195.01 MHz ( period = 5.128 ns )                    ; counter[17] ; led[3]~reg0 ; clk        ; clk      ; None                        ; None                      ; 4.860 ns                ;
; N/A                                     ; 195.12 MHz ( period = 5.125 ns )                    ; counter[5]  ; counter[21] ; clk        ; clk      ; None                        ; None                      ; 4.854 ns                ;
; N/A                                     ; 195.24 MHz ( period = 5.122 ns )                    ; counter[3]  ; counter[0]  ; clk        ; clk      ; None                        ; None                      ; 4.851 ns                ;
; N/A                                     ; 195.50 MHz ( period = 5.115 ns )                    ; counter[0]  ; counter[19] ; clk        ; clk      ; None                        ; None                      ; 4.857 ns                ;
; N/A                                     ; 195.50 MHz ( period = 5.115 ns )                    ; counter[0]  ; counter[18] ; clk        ; clk      ; None                        ; None                      ; 4.857 ns                ;
; N/A                                     ; 195.66 MHz ( period = 5.111 ns )                    ; counter[14] ; counter[0]  ; clk        ; clk      ; None                        ; None                      ; 4.841 ns                ;
; N/A                                     ; 195.73 MHz ( period = 5.109 ns )                    ; counter[14] ; counter[21] ; clk        ; clk      ; None                        ; None                      ; 4.839 ns                ;
; N/A                                     ; 195.77 MHz ( period = 5.108 ns )                    ; counter[5]  ; counter[22] ; clk        ; clk      ; None                        ; None                      ; 4.837 ns                ;
; N/A                                     ; 195.92 MHz ( period = 5.104 ns )                    ; counter[23] ; led[0]~reg0 ; clk        ; clk      ; None                        ; None                      ; 4.836 ns                ;
; N/A                                     ; 195.92 MHz ( period = 5.104 ns )                    ; counter[23] ; led[7]~reg0 ; clk        ; clk      ; None                        ; None                      ; 4.836 ns                ;
; N/A                                     ; 195.92 MHz ( period = 5.104 ns )                    ; counter[23] ; led[5]~reg0 ; clk        ; clk      ; None                        ; None                      ; 4.836 ns                ;
; N/A                                     ; 195.92 MHz ( period = 5.104 ns )                    ; counter[23] ; led[6]~reg0 ; clk        ; clk      ; None                        ; None                      ; 4.836 ns                ;
; N/A                                     ; 195.92 MHz ( period = 5.104 ns )                    ; counter[23] ; led[4]~reg0 ; clk        ; clk      ; None                        ; None                      ; 4.836 ns                ;
; N/A                                     ; 195.92 MHz ( period = 5.104 ns )                    ; counter[23] ; led[1]~reg0 ; clk        ; clk      ; None                        ; None                      ; 4.836 ns                ;
; N/A                                     ; 195.92 MHz ( period = 5.104 ns )                    ; counter[23] ; led[2]~reg0 ; clk        ; clk      ; None                        ; None                      ; 4.836 ns                ;
; N/A                                     ; 195.92 MHz ( period = 5.104 ns )                    ; counter[23] ; led[3]~reg0 ; clk        ; clk      ; None                        ; None                      ; 4.836 ns                ;
; N/A                                     ; 196.08 MHz ( period = 5.100 ns )                    ; counter[7]  ; led[0]~reg0 ; clk        ; clk      ; None                        ; None                      ; 4.829 ns                ;
; N/A                                     ; 196.08 MHz ( period = 5.100 ns )                    ; counter[7]  ; led[7]~reg0 ; clk        ; clk      ; None                        ; None                      ; 4.829 ns                ;
; N/A                                     ; 196.08 MHz ( period = 5.100 ns )                    ; counter[7]  ; led[5]~reg0 ; clk        ; clk      ; None                        ; None                      ; 4.829 ns                ;
; N/A                                     ; 196.08 MHz ( period = 5.100 ns )                    ; counter[7]  ; led[6]~reg0 ; clk        ; clk      ; None                        ; None                      ; 4.829 ns                ;
; N/A                                     ; 196.08 MHz ( period = 5.100 ns )                    ; counter[7]  ; led[4]~reg0 ; clk        ; clk      ; None                        ; None                      ; 4.829 ns                ;
; N/A                                     ; 196.08 MHz ( period = 5.100 ns )                    ; counter[7]  ; led[1]~reg0 ; clk        ; clk      ; None                        ; None                      ; 4.829 ns                ;
; N/A                                     ; 196.08 MHz ( period = 5.100 ns )                    ; counter[7]  ; led[2]~reg0 ; clk        ; clk      ; None                        ; None                      ; 4.829 ns                ;
; N/A                                     ; 196.08 MHz ( period = 5.100 ns )                    ; counter[7]  ; led[3]~reg0 ; clk        ; clk      ; None                        ; None                      ; 4.829 ns                ;
; Timing analysis restricted to 200 rows. ; To change the limit use Settings (Assignments menu) ;             ;             ;            ;          ;                             ;                           ;                         ;
+-----------------------------------------+-----------------------------------------------------+-------------+-------------+------------+----------+-----------------------------+---------------------------+-------------------------+


+-----------------------------------------------------------------------+
; tco                                                                   ;
+-------+--------------+------------+-------------+--------+------------+
; Slack ; Required tco ; Actual tco ; From        ; To     ; From Clock ;
+-------+--------------+------------+-------------+--------+------------+
; N/A   ; None         ; 8.803 ns   ; led[5]~reg0 ; led[5] ; clk        ;
; N/A   ; None         ; 8.788 ns   ; led[7]~reg0 ; led[7] ; clk        ;
; N/A   ; None         ; 8.767 ns   ; led[6]~reg0 ; led[6] ; clk        ;
; N/A   ; None         ; 8.740 ns   ; led[0]~reg0 ; led[0] ; clk        ;
; N/A   ; None         ; 8.738 ns   ; led[4]~reg0 ; led[4] ; clk        ;
; N/A   ; None         ; 8.717 ns   ; led[3]~reg0 ; led[3] ; clk        ;
; N/A   ; None         ; 8.715 ns   ; led[2]~reg0 ; led[2] ; clk        ;
; N/A   ; None         ; 8.683 ns   ; led[1]~reg0 ; led[1] ; clk        ;
+-------+--------------+------------+-------------+--------+------------+


+--------------------------+
; Timing Analyzer Messages ;
+--------------------------+
Info: *******************************************************************
Info: Running Quartus II Classic Timing Analyzer
    Info: Version 9.1 Build 304 01/25/2010 Service Pack 1 SJ Full Version
    Info: Processing started: Fri May 13 17:05:42 2011
Info: Command: quartus_tan --read_settings_files=off --write_settings_files=off led_water -c led_water --timing_analysis_only
Info: Parallel compilation is enabled and will use 2 of the 2 processors detected
Warning: Found pins functioning as undefined clocks and/or memory enables
    Info: Assuming node "clk" is an undefined clock
Info: Clock "clk" has Internal fmax of 158.05 MHz between source register "counter[0]" and destination register "counter[21]" (period= 6.327 ns)
    Info: + Longest register to register delay is 6.063 ns
        Info: 1: + IC(0.000 ns) + CELL(0.000 ns) = 0.000 ns; Loc. = LCFF_X14_Y12_N21; Fanout = 3; REG Node = 'counter[0]'
        Info: 2: + IC(1.122 ns) + CELL(0.596 ns) = 1.718 ns; Loc. = LCCOMB_X17_Y12_N8; Fanout = 2; COMB Node = 'Add0~1'
        Info: 3: + IC(0.000 ns) + CELL(0.086 ns) = 1.804 ns; Loc. = LCCOMB_X17_Y12_N10; Fanout = 2; COMB Node = 'Add0~3'
        Info: 4: + IC(0.000 ns) + CELL(0.086 ns) = 1.890 ns; Loc. = LCCOMB_X17_Y12_N12; Fanout = 2; COMB Node = 'Add0~5'
        Info: 5: + IC(0.000 ns) + CELL(0.190 ns) = 2.080 ns; Loc. = LCCOMB_X17_Y12_N14; Fanout = 2; COMB Node = 'Add0~7'
        Info: 6: + IC(0.000 ns) + CELL(0.086 ns) = 2.166 ns; Loc. = LCCOMB_X17_Y12_N16; Fanout = 2; COMB Node = 'Add0~9'
        Info: 7: + IC(0.000 ns) + CELL(0.086 ns) = 2.252 ns; Loc. = LCCOMB_X17_Y12_N18; Fanout = 2; COMB Node = 'Add0~11'
        Info: 8: + IC(0.000 ns) + CELL(0.086 ns) = 2.338 ns; Loc. = LCCOMB_X17_Y12_N20; Fanout = 2; COMB Node = 'Add0~13'
        Info: 9: + IC(0.000 ns) + CELL(0.086 ns) = 2.424 ns; Loc. = LCCOMB_X17_Y12_N22; Fanout = 2; COMB Node = 'Add0~15'
        Info: 10: + IC(0.000 ns) + CELL(0.086 ns) = 2.510 ns; Loc. = LCCOMB_X17_Y12_N24; Fanout = 2; COMB Node = 'Add0~17'
        Info: 11: + IC(0.000 ns) + CELL(0.086 ns) = 2.596 ns; Loc. = LCCOMB_X17_Y12_N26; Fanout = 2; COMB Node = 'Add0~19'
        Info: 12: + IC(0.000 ns) + CELL(0.086 ns) = 2.682 ns; Loc. = LCCOMB_X17_Y12_N28; Fanout = 2; COMB Node = 'Add0~21'
        Info: 13: + IC(0.000 ns) + CELL(0.175 ns) = 2.857 ns; Loc. = LCCOMB_X17_Y12_N30; Fanout = 2; COMB Node = 'Add0~23'
        Info: 14: + IC(0.000 ns) + CELL(0.086 ns) = 2.943 ns; Loc. = LCCOMB_X17_Y11_N0; Fanout = 2; COMB Node = 'Add0~25'
        Info: 15: + IC(0.000 ns) + CELL(0.086 ns) = 3.029 ns; Loc. = LCCOMB_X17_Y11_N2; Fanout = 2; COMB Node = 'Add0~27'
        Info: 16: + IC(0.000 ns) + CELL(0.086 ns) = 3.115 ns; Loc. = LCCOMB_X17_Y11_N4; Fanout = 2; COMB Node = 'Add0~29'
        Info: 17: + IC(0.000 ns) + CELL(0.086 ns) = 3.201 ns; Loc. = LCCOMB_X17_Y11_N6; Fanout = 2; COMB Node = 'Add0~31'
        Info: 18: + IC(0.000 ns) + CELL(0.086 ns) = 3.287 ns; Loc. = LCCOMB_X17_Y11_N8; Fanout = 2; COMB Node = 'Add0~33'
        Info: 19: + IC(0.000 ns) + CELL(0.086 ns) = 3.373 ns; Loc. = LCCOMB_X17_Y11_N10; Fanout = 2; COMB Node = 'Add0~35'
        Info: 20: + IC(0.000 ns) + CELL(0.086 ns) = 3.459 ns; Loc. = LCCOMB_X17_Y11_N12; Fanout = 2; COMB Node = 'Add0~37'
        Info: 21: + IC(0.000 ns) + CELL(0.190 ns) = 3.649 ns; Loc. = LCCOMB_X17_Y11_N14; Fanout = 2; COMB Node = 'Add0~39'
        Info: 22: + IC(0.000 ns) + CELL(0.086 ns) = 3.735 ns; Loc. = LCCOMB_X17_Y11_N16; Fanout = 2; COMB Node = 'Add0~41'
        Info: 23: + IC(0.000 ns) + CELL(0.506 ns) = 4.241 ns; Loc. = LCCOMB_X17_Y11_N18; Fanout = 1; COMB Node = 'Add0~42'
        Info: 24: + IC(1.344 ns) + CELL(0.370 ns) = 5.955 ns; Loc. = LCCOMB_X14_Y12_N26; Fanout = 1; COMB Node = 'counter~11'
        Info: 25: + IC(0.000 ns) + CELL(0.108 ns) = 6.063 ns; Loc. = LCFF_X14_Y12_N27; Fanout = 3; REG Node = 'counter[21]'
        Info: Total cell delay = 3.597 ns ( 59.33 % )
        Info: Total interconnect delay = 2.466 ns ( 40.67 % )
    Info: - Smallest clock skew is 0.000 ns
        Info: + Shortest clock path from clock "clk" to destination register is 2.792 ns
            Info: 1: + IC(0.000 ns) + CELL(1.140 ns) = 1.140 ns; Loc. = PIN_23; Fanout = 1; CLK Node = 'clk'
            Info: 2: + IC(0.143 ns) + CELL(0.000 ns) = 1.283 ns; Loc. = CLKCTRL_G2; Fanout = 33; COMB Node = 'clk~clkctrl'
            Info: 3: + IC(0.843 ns) + CELL(0.666 ns) = 2.792 ns; Loc. = LCFF_X14_Y12_N27; Fanout = 3; REG Node = 'counter[21]'
            Info: Total cell delay = 1.806 ns ( 64.68 % )
            Info: Total interconnect delay = 0.986 ns ( 35.32 % )
        Info: - Longest clock path from clock "clk" to source register is 2.792 ns
            Info: 1: + IC(0.000 ns) + CELL(1.140 ns) = 1.140 ns; Loc. = PIN_23; Fanout = 1; CLK Node = 'clk'
            Info: 2: + IC(0.143 ns) + CELL(0.000 ns) = 1.283 ns; Loc. = CLKCTRL_G2; Fanout = 33; COMB Node = 'clk~clkctrl'
            Info: 3: + IC(0.843 ns) + CELL(0.666 ns) = 2.792 ns; Loc. = LCFF_X14_Y12_N21; Fanout = 3; REG Node = 'counter[0]'
            Info: Total cell delay = 1.806 ns ( 64.68 % )
            Info: Total interconnect delay = 0.986 ns ( 35.32 % )
    Info: + Micro clock to output delay of source is 0.304 ns
    Info: + Micro setup delay of destination is -0.040 ns
Info: tco from clock "clk" to destination pin "led[5]" through register "led[5]~reg0" is 8.803 ns
    Info: + Longest clock path from clock "clk" to source register is 2.792 ns
        Info: 1: + IC(0.000 ns) + CELL(1.140 ns) = 1.140 ns; Loc. = PIN_23; Fanout = 1; CLK Node = 'clk'
        Info: 2: + IC(0.143 ns) + CELL(0.000 ns) = 1.283 ns; Loc. = CLKCTRL_G2; Fanout = 33; COMB Node = 'clk~clkctrl'
        Info: 3: + IC(0.843 ns) + CELL(0.666 ns) = 2.792 ns; Loc. = LCFF_X14_Y12_N19; Fanout = 3; REG Node = 'led[5]~reg0'
        Info: Total cell delay = 1.806 ns ( 64.68 % )
        Info: Total interconnect delay = 0.986 ns ( 35.32 % )
    Info: + Micro clock to output delay of source is 0.304 ns
    Info: + Longest register to pin delay is 5.707 ns
        Info: 1: + IC(0.000 ns) + CELL(0.000 ns) = 0.000 ns; Loc. = LCFF_X14_Y12_N19; Fanout = 3; REG Node = 'led[5]~reg0'
        Info: 2: + IC(2.611 ns) + CELL(3.096 ns) = 5.707 ns; Loc. = PIN_135; Fanout = 0; PIN Node = 'led[5]'
        Info: Total cell delay = 3.096 ns ( 54.25 % )
        Info: Total interconnect delay = 2.611 ns ( 45.75 % )
Info: Quartus II Classic Timing Analyzer was successful. 0 errors, 1 warning
    Info: Peak virtual memory: 130 megabytes
    Info: Processing ended: Fri May 13 17:05:42 2011
    Info: Elapsed time: 00:00:00
    Info: Total CPU time (on all processors): 00:00:01


